/*

â”€â”€â•”â•—â”€â”€â”€â”€â”€â”€â”€â”€â”€â”€â”€â”€â”€â”€â”€â”€â”€â”€â”€â”€â”€â”€â”€â”€â”€â”€â•”â•—â”€â”€â•”â•â•—â”€â”€â”€â”€â”€â”€â”€â”€â”€â”€â”€â•”â•—
â”€â”€â•‘â•‘â”€â”€â”€â”€â”€â”€â”€â”€â”€â”€â”€â”€â”€â”€â”€â”€â”€â”€â”€â”€â”€â”€â”€â”€â”€â”€â•‘â•‘â”€â”€â•‘â•”â•â”€â”€â”€â”€â”€â”€â”€â”€â”€â”€â•”â•â•šâ•—
â•”â•â•â• â•â•â•¦â•â•â•¦â•â•â•—â”€â”€â”€â•”â•â•â•¦â•—â•”â•—â•”â•—â•”â•¦â•—â”€â•”â•£â•‘â•”â•¦â•â•šâ•¦â•â•â•—â•”â•â•¦â•â•â•¦â•â•©â•—â•”â•
â•‘â•”â•—â•‘â•”â•—â•‘â•”â•—â•‘â•â•â•£â•”â•â•â•£â•â•â•£â•‘â•‘â•‘â•‘â•šâ•â•‘â•‘â”€â•‘â•‘â•‘â• â•¬â•—â•”â•£â•‘â•â•£â•‘â•”â•£â•”â•—â•‘â•”â•—â•‘â•‘
â•‘â•šâ•â•‘â•šâ•â•‘â•”â•—â• â•â•â•‘â•šâ•â•â•¬â•â•â•‘â•šâ•â•‘â•‘â•‘â•‘â•‘â•šâ•â•â•‘â•šâ•£â•‘â•‘â•‘â•‘â•‘â•â•¬â•£â•‘â•‘â•šâ•â•‘â•šâ•â•‘â•šâ•—
â•šâ•â•â•©â•â•â•©â•â•šâ•©â•â•â•â”€â”€â”€â•šâ•â•â•©â•â•â•â•šâ•©â•©â•©â•â•—â•”â•©â•â•©â•â•šâ•â•šâ•â•â•©â•©â•â•šâ•â•â•©â•â•â•©â•â•
â”€â”€â”€â”€â”€â”€â”€â”€â”€â”€â”€â”€â”€â”€â”€â”€â”€â”€â”€â”€â”€â”€â”€â”€â”€â”€â•”â•â•â•‘
â”€â”€â”€â”€â”€â”€â”€â”€â”€â”€â”€â”€â”€â”€â”€â”€â”€â”€â”€â”€â”€â”€â”€â”€â”€â”€â•šâ•â•â•

ğ••ğ• ğ•’ğ•¤ -ğ•¤ğ•¦ ğ•ğ•ªğ•ğ•šğ•—ğ•–.ğ•£ğ• ğ• ğ•¥

æ›´æ–°æ—¥å¿— / Update log

è¯¥æ›´æ–°æ—¥å¿—ç”± BL.BlueLighting æ’°å†™ã€‚
*/

2025 - 10 - 17 - structure re-generate (little-update):
    - é‡å»ºäº†é¡µé¢ç»“æ„ï¼Œç›®å‰é¡µé¢ç»“æ„å¦‚ä¸‹ï¼š
        - .github
        - content
            - chapters
                - first
                    - chapter.html
                    - commands.js
                
                - pre
                    - chapter.html
                    - commands.js
            - requirements
                - achieve.js
                - base.js
                - jquery.js
                - taskSys.js
        - .gitignore
        - development.md
        - index.html
        - LICENSE
        - README.logo.png
        - README.md
        - UpdateLog.log (æœ¬æ–‡ä»¶)
    
    - æ— å…¶ä»–æ›´æ–°